ARM GAS  /tmp/cc5ETTo1.s 			page 1


   1              		.cpu cortex-m7
   2              		.eabi_attribute 27, 1
   3              		.eabi_attribute 28, 1
   4              		.eabi_attribute 20, 1
   5              		.eabi_attribute 21, 1
   6              		.eabi_attribute 23, 3
   7              		.eabi_attribute 24, 1
   8              		.eabi_attribute 25, 1
   9              		.eabi_attribute 26, 1
  10              		.eabi_attribute 30, 1
  11              		.eabi_attribute 34, 1
  12              		.eabi_attribute 18, 4
  13              		.file	"main.c"
  14              		.text
  15              	.Ltext0:
  16              		.cfi_sections	.debug_frame
  17              		.section	.text.main,"ax",%progbits
  18              		.align	1
  19              		.global	main
  20              		.arch armv7e-m
  21              		.syntax unified
  22              		.thumb
  23              		.thumb_func
  24              		.fpu fpv4-sp-d16
  26              	main:
  27              	.LFB132:
  28              		.file 1 "../../CM4/Core/Src/main.c"
   1:../../CM4/Core/Src/main.c **** /* USER CODE BEGIN Header */
   2:../../CM4/Core/Src/main.c **** /**
   3:../../CM4/Core/Src/main.c ****   ******************************************************************************
   4:../../CM4/Core/Src/main.c ****   * @file           : main.c
   5:../../CM4/Core/Src/main.c ****   * @brief          : Main program body
   6:../../CM4/Core/Src/main.c ****   ******************************************************************************
   7:../../CM4/Core/Src/main.c ****   * @attention
   8:../../CM4/Core/Src/main.c ****   *
   9:../../CM4/Core/Src/main.c ****   * Copyright (c) 2023 STMicroelectronics.
  10:../../CM4/Core/Src/main.c ****   * All rights reserved.
  11:../../CM4/Core/Src/main.c ****   *
  12:../../CM4/Core/Src/main.c ****   * This software is licensed under terms that can be found in the LICENSE file
  13:../../CM4/Core/Src/main.c ****   * in the root directory of this software component.
  14:../../CM4/Core/Src/main.c ****   * If no LICENSE file comes with this software, it is provided AS-IS.
  15:../../CM4/Core/Src/main.c ****   *
  16:../../CM4/Core/Src/main.c ****   ******************************************************************************
  17:../../CM4/Core/Src/main.c ****   */
  18:../../CM4/Core/Src/main.c **** /* USER CODE END Header */
  19:../../CM4/Core/Src/main.c **** /* Includes ------------------------------------------------------------------*/
  20:../../CM4/Core/Src/main.c **** #include "main.h"
  21:../../CM4/Core/Src/main.c **** 
  22:../../CM4/Core/Src/main.c **** /* Private includes ----------------------------------------------------------*/
  23:../../CM4/Core/Src/main.c **** /* USER CODE BEGIN Includes */
  24:../../CM4/Core/Src/main.c **** 
  25:../../CM4/Core/Src/main.c **** /* USER CODE END Includes */
  26:../../CM4/Core/Src/main.c **** 
  27:../../CM4/Core/Src/main.c **** /* Private typedef -----------------------------------------------------------*/
  28:../../CM4/Core/Src/main.c **** /* USER CODE BEGIN PTD */
  29:../../CM4/Core/Src/main.c **** 
  30:../../CM4/Core/Src/main.c **** /* USER CODE END PTD */
ARM GAS  /tmp/cc5ETTo1.s 			page 2


  31:../../CM4/Core/Src/main.c **** 
  32:../../CM4/Core/Src/main.c **** /* Private define ------------------------------------------------------------*/
  33:../../CM4/Core/Src/main.c **** /* USER CODE BEGIN PD */
  34:../../CM4/Core/Src/main.c **** 
  35:../../CM4/Core/Src/main.c **** #ifndef HSEM_ID_0
  36:../../CM4/Core/Src/main.c **** #define HSEM_ID_0 (0U) /* HW semaphore 0*/
  37:../../CM4/Core/Src/main.c **** #endif
  38:../../CM4/Core/Src/main.c **** 
  39:../../CM4/Core/Src/main.c **** /* USER CODE END PD */
  40:../../CM4/Core/Src/main.c **** 
  41:../../CM4/Core/Src/main.c **** /* Private macro -------------------------------------------------------------*/
  42:../../CM4/Core/Src/main.c **** /* USER CODE BEGIN PM */
  43:../../CM4/Core/Src/main.c **** 
  44:../../CM4/Core/Src/main.c **** /* USER CODE END PM */
  45:../../CM4/Core/Src/main.c **** 
  46:../../CM4/Core/Src/main.c **** /* Private variables ---------------------------------------------------------*/
  47:../../CM4/Core/Src/main.c **** 
  48:../../CM4/Core/Src/main.c **** /* USER CODE BEGIN PV */
  49:../../CM4/Core/Src/main.c **** 
  50:../../CM4/Core/Src/main.c **** /* USER CODE END PV */
  51:../../CM4/Core/Src/main.c **** 
  52:../../CM4/Core/Src/main.c **** /* Private function prototypes -----------------------------------------------*/
  53:../../CM4/Core/Src/main.c **** /* USER CODE BEGIN PFP */
  54:../../CM4/Core/Src/main.c **** 
  55:../../CM4/Core/Src/main.c **** /* USER CODE END PFP */
  56:../../CM4/Core/Src/main.c **** 
  57:../../CM4/Core/Src/main.c **** /* Private user code ---------------------------------------------------------*/
  58:../../CM4/Core/Src/main.c **** /* USER CODE BEGIN 0 */
  59:../../CM4/Core/Src/main.c **** 
  60:../../CM4/Core/Src/main.c **** /* USER CODE END 0 */
  61:../../CM4/Core/Src/main.c **** 
  62:../../CM4/Core/Src/main.c **** /**
  63:../../CM4/Core/Src/main.c ****   * @brief  The application entry point.
  64:../../CM4/Core/Src/main.c ****   * @retval int
  65:../../CM4/Core/Src/main.c ****   */
  66:../../CM4/Core/Src/main.c **** int main(void)
  67:../../CM4/Core/Src/main.c **** {
  29              		.loc 1 67 1 view -0
  30              		.cfi_startproc
  31              		@ Volatile: function does not return.
  32              		@ args = 0, pretend = 0, frame = 8
  33              		@ frame_needed = 0, uses_anonymous_args = 0
  34 0000 00B5     		push	{lr}
  35              	.LCFI0:
  36              		.cfi_def_cfa_offset 4
  37              		.cfi_offset 14, -4
  38 0002 83B0     		sub	sp, sp, #12
  39              	.LCFI1:
  40              		.cfi_def_cfa_offset 16
  68:../../CM4/Core/Src/main.c ****   /* USER CODE BEGIN 1 */
  69:../../CM4/Core/Src/main.c **** 
  70:../../CM4/Core/Src/main.c ****   /* USER CODE END 1 */
  71:../../CM4/Core/Src/main.c **** 
  72:../../CM4/Core/Src/main.c **** /* USER CODE BEGIN Boot_Mode_Sequence_1 */
  73:../../CM4/Core/Src/main.c ****   /*HW semaphore Clock enable*/
  74:../../CM4/Core/Src/main.c ****   __HAL_RCC_HSEM_CLK_ENABLE();
  41              		.loc 1 74 3 view .LVU1
ARM GAS  /tmp/cc5ETTo1.s 			page 3


  42              	.LBB4:
  43              		.loc 1 74 3 view .LVU2
  44              		.loc 1 74 3 view .LVU3
  45 0004 174B     		ldr	r3, .L7
  46 0006 D3F8E020 		ldr	r2, [r3, #224]
  47 000a 42F00072 		orr	r2, r2, #33554432
  48 000e C3F8E020 		str	r2, [r3, #224]
  49              		.loc 1 74 3 view .LVU4
  50 0012 D3F8E030 		ldr	r3, [r3, #224]
  51 0016 03F00073 		and	r3, r3, #33554432
  52 001a 0193     		str	r3, [sp, #4]
  53              		.loc 1 74 3 view .LVU5
  54 001c 019B     		ldr	r3, [sp, #4]
  55              	.LBE4:
  56              		.loc 1 74 3 view .LVU6
  75:../../CM4/Core/Src/main.c ****   /* Activate HSEM notification for Cortex-M4*/
  76:../../CM4/Core/Src/main.c ****   HAL_HSEM_ActivateNotification(__HAL_HSEM_SEMID_TO_MASK(HSEM_ID_0));
  57              		.loc 1 76 3 view .LVU7
  58 001e 0120     		movs	r0, #1
  59 0020 FFF7FEFF 		bl	HAL_HSEM_ActivateNotification
  60              	.LVL0:
  77:../../CM4/Core/Src/main.c ****   /*
  78:../../CM4/Core/Src/main.c ****   Domain D2 goes to STOP mode (Cortex-M4 in deep-sleep) waiting for Cortex-M7 to
  79:../../CM4/Core/Src/main.c ****   perform system initialization (system clock config, external memory configuration.. )
  80:../../CM4/Core/Src/main.c ****   */
  81:../../CM4/Core/Src/main.c ****   HAL_PWREx_ClearPendingEvent();
  61              		.loc 1 81 3 view .LVU8
  62 0024 FFF7FEFF 		bl	HAL_PWREx_ClearPendingEvent
  63              	.LVL1:
  82:../../CM4/Core/Src/main.c ****   HAL_PWREx_EnterSTOPMode(PWR_MAINREGULATOR_ON, PWR_STOPENTRY_WFE, PWR_D2_DOMAIN);
  64              		.loc 1 82 3 view .LVU9
  65 0028 0122     		movs	r2, #1
  66 002a 0221     		movs	r1, #2
  67 002c 0020     		movs	r0, #0
  68 002e FFF7FEFF 		bl	HAL_PWREx_EnterSTOPMode
  69              	.LVL2:
  83:../../CM4/Core/Src/main.c ****   /* Clear HSEM flag */
  84:../../CM4/Core/Src/main.c ****   __HAL_HSEM_CLEAR_FLAG(__HAL_HSEM_SEMID_TO_MASK(HSEM_ID_0));
  70              		.loc 1 84 3 view .LVU10
  71 0032 0D4B     		ldr	r3, .L7+4
  72 0034 1B68     		ldr	r3, [r3]
  73 0036 C3F30313 		ubfx	r3, r3, #4, #4
  74 003a 072B     		cmp	r3, #7
  75 003c 09D0     		beq	.L6
  76              		.loc 1 84 3 is_stmt 0 discriminator 2 view .LVU11
  77 003e 0B4A     		ldr	r2, .L7+8
  78 0040 D2F81431 		ldr	r3, [r2, #276]
  79 0044 43F00103 		orr	r3, r3, #1
  80 0048 C2F81431 		str	r3, [r2, #276]
  81              	.L3:
  85:../../CM4/Core/Src/main.c **** 
  86:../../CM4/Core/Src/main.c **** /* USER CODE END Boot_Mode_Sequence_1 */
  87:../../CM4/Core/Src/main.c ****   /* MCU Configuration--------------------------------------------------------*/
  88:../../CM4/Core/Src/main.c **** 
  89:../../CM4/Core/Src/main.c ****   /* Reset of all peripherals, Initializes the Flash interface and the Systick. */
  90:../../CM4/Core/Src/main.c ****   HAL_Init();
  82              		.loc 1 90 3 is_stmt 1 view .LVU12
ARM GAS  /tmp/cc5ETTo1.s 			page 4


  83 004c FFF7FEFF 		bl	HAL_Init
  84              	.LVL3:
  85              	.L4:
  91:../../CM4/Core/Src/main.c **** 
  92:../../CM4/Core/Src/main.c ****   /* USER CODE BEGIN Init */
  93:../../CM4/Core/Src/main.c **** 
  94:../../CM4/Core/Src/main.c ****   /* USER CODE END Init */
  95:../../CM4/Core/Src/main.c **** 
  96:../../CM4/Core/Src/main.c ****   /* USER CODE BEGIN SysInit */
  97:../../CM4/Core/Src/main.c **** 
  98:../../CM4/Core/Src/main.c ****   /* USER CODE END SysInit */
  99:../../CM4/Core/Src/main.c **** 
 100:../../CM4/Core/Src/main.c ****   /* Initialize all configured peripherals */
 101:../../CM4/Core/Src/main.c ****   /* USER CODE BEGIN 2 */
 102:../../CM4/Core/Src/main.c **** 
 103:../../CM4/Core/Src/main.c ****   /* USER CODE END 2 */
 104:../../CM4/Core/Src/main.c **** 
 105:../../CM4/Core/Src/main.c ****   /* Infinite loop */
 106:../../CM4/Core/Src/main.c ****   /* USER CODE BEGIN WHILE */
 107:../../CM4/Core/Src/main.c ****   while (1)
  86              		.loc 1 107 3 discriminator 1 view .LVU13
 108:../../CM4/Core/Src/main.c ****   {
 109:../../CM4/Core/Src/main.c ****     /* USER CODE END WHILE */
 110:../../CM4/Core/Src/main.c **** 
 111:../../CM4/Core/Src/main.c ****     /* USER CODE BEGIN 3 */
 112:../../CM4/Core/Src/main.c ****   }
  87              		.loc 1 112 3 discriminator 1 view .LVU14
 107:../../CM4/Core/Src/main.c ****   {
  88              		.loc 1 107 9 discriminator 1 view .LVU15
  89 0050 FEE7     		b	.L4
  90              	.L6:
  84:../../CM4/Core/Src/main.c **** 
  91              		.loc 1 84 3 is_stmt 0 discriminator 1 view .LVU16
  92 0052 064A     		ldr	r2, .L7+8
  93 0054 D2F80431 		ldr	r3, [r2, #260]
  94 0058 43F00103 		orr	r3, r3, #1
  95 005c C2F80431 		str	r3, [r2, #260]
  96 0060 F4E7     		b	.L3
  97              	.L8:
  98 0062 00BF     		.align	2
  99              	.L7:
 100 0064 00440258 		.word	1476543488
 101 0068 00ED00E0 		.word	-536810240
 102 006c 00640258 		.word	1476551680
 103              		.cfi_endproc
 104              	.LFE132:
 106              		.section	.text.Error_Handler,"ax",%progbits
 107              		.align	1
 108              		.global	Error_Handler
 109              		.syntax unified
 110              		.thumb
 111              		.thumb_func
 112              		.fpu fpv4-sp-d16
 114              	Error_Handler:
 115              	.LFB133:
 113:../../CM4/Core/Src/main.c ****   /* USER CODE END 3 */
 114:../../CM4/Core/Src/main.c **** }
ARM GAS  /tmp/cc5ETTo1.s 			page 5


 115:../../CM4/Core/Src/main.c **** 
 116:../../CM4/Core/Src/main.c **** /* USER CODE BEGIN 4 */
 117:../../CM4/Core/Src/main.c **** 
 118:../../CM4/Core/Src/main.c **** /* USER CODE END 4 */
 119:../../CM4/Core/Src/main.c **** 
 120:../../CM4/Core/Src/main.c **** /**
 121:../../CM4/Core/Src/main.c ****   * @brief  This function is executed in case of error occurrence.
 122:../../CM4/Core/Src/main.c ****   * @retval None
 123:../../CM4/Core/Src/main.c ****   */
 124:../../CM4/Core/Src/main.c **** void Error_Handler(void)
 125:../../CM4/Core/Src/main.c **** {
 116              		.loc 1 125 1 is_stmt 1 view -0
 117              		.cfi_startproc
 118              		@ Volatile: function does not return.
 119              		@ args = 0, pretend = 0, frame = 0
 120              		@ frame_needed = 0, uses_anonymous_args = 0
 121              		@ link register save eliminated.
 126:../../CM4/Core/Src/main.c ****   /* USER CODE BEGIN Error_Handler_Debug */
 127:../../CM4/Core/Src/main.c ****   /* User can add his own implementation to report the HAL error return state */
 128:../../CM4/Core/Src/main.c ****   __disable_irq();
 122              		.loc 1 128 3 view .LVU18
 123              	.LBB5:
 124              	.LBI5:
 125              		.file 2 "../../Drivers/CMSIS/Include/cmsis_gcc.h"
   1:../../Drivers/CMSIS/Include/cmsis_gcc.h **** /**************************************************************************//**
   2:../../Drivers/CMSIS/Include/cmsis_gcc.h ****  * @file     cmsis_gcc.h
   3:../../Drivers/CMSIS/Include/cmsis_gcc.h ****  * @brief    CMSIS compiler GCC header file
   4:../../Drivers/CMSIS/Include/cmsis_gcc.h ****  * @version  V5.2.0
   5:../../Drivers/CMSIS/Include/cmsis_gcc.h ****  * @date     08. May 2019
   6:../../Drivers/CMSIS/Include/cmsis_gcc.h ****  ******************************************************************************/
   7:../../Drivers/CMSIS/Include/cmsis_gcc.h **** /*
   8:../../Drivers/CMSIS/Include/cmsis_gcc.h ****  * Copyright (c) 2009-2019 Arm Limited. All rights reserved.
   9:../../Drivers/CMSIS/Include/cmsis_gcc.h ****  *
  10:../../Drivers/CMSIS/Include/cmsis_gcc.h ****  * SPDX-License-Identifier: Apache-2.0
  11:../../Drivers/CMSIS/Include/cmsis_gcc.h ****  *
  12:../../Drivers/CMSIS/Include/cmsis_gcc.h ****  * Licensed under the Apache License, Version 2.0 (the License); you may
  13:../../Drivers/CMSIS/Include/cmsis_gcc.h ****  * not use this file except in compliance with the License.
  14:../../Drivers/CMSIS/Include/cmsis_gcc.h ****  * You may obtain a copy of the License at
  15:../../Drivers/CMSIS/Include/cmsis_gcc.h ****  *
  16:../../Drivers/CMSIS/Include/cmsis_gcc.h ****  * www.apache.org/licenses/LICENSE-2.0
  17:../../Drivers/CMSIS/Include/cmsis_gcc.h ****  *
  18:../../Drivers/CMSIS/Include/cmsis_gcc.h ****  * Unless required by applicable law or agreed to in writing, software
  19:../../Drivers/CMSIS/Include/cmsis_gcc.h ****  * distributed under the License is distributed on an AS IS BASIS, WITHOUT
  20:../../Drivers/CMSIS/Include/cmsis_gcc.h ****  * WARRANTIES OR CONDITIONS OF ANY KIND, either express or implied.
  21:../../Drivers/CMSIS/Include/cmsis_gcc.h ****  * See the License for the specific language governing permissions and
  22:../../Drivers/CMSIS/Include/cmsis_gcc.h ****  * limitations under the License.
  23:../../Drivers/CMSIS/Include/cmsis_gcc.h ****  */
  24:../../Drivers/CMSIS/Include/cmsis_gcc.h **** 
  25:../../Drivers/CMSIS/Include/cmsis_gcc.h **** #ifndef __CMSIS_GCC_H
  26:../../Drivers/CMSIS/Include/cmsis_gcc.h **** #define __CMSIS_GCC_H
  27:../../Drivers/CMSIS/Include/cmsis_gcc.h **** 
  28:../../Drivers/CMSIS/Include/cmsis_gcc.h **** /* ignore some GCC warnings */
  29:../../Drivers/CMSIS/Include/cmsis_gcc.h **** #pragma GCC diagnostic push
  30:../../Drivers/CMSIS/Include/cmsis_gcc.h **** #pragma GCC diagnostic ignored "-Wsign-conversion"
  31:../../Drivers/CMSIS/Include/cmsis_gcc.h **** #pragma GCC diagnostic ignored "-Wconversion"
  32:../../Drivers/CMSIS/Include/cmsis_gcc.h **** #pragma GCC diagnostic ignored "-Wunused-parameter"
  33:../../Drivers/CMSIS/Include/cmsis_gcc.h **** 
ARM GAS  /tmp/cc5ETTo1.s 			page 6


  34:../../Drivers/CMSIS/Include/cmsis_gcc.h **** /* Fallback for __has_builtin */
  35:../../Drivers/CMSIS/Include/cmsis_gcc.h **** #ifndef __has_builtin
  36:../../Drivers/CMSIS/Include/cmsis_gcc.h ****   #define __has_builtin(x) (0)
  37:../../Drivers/CMSIS/Include/cmsis_gcc.h **** #endif
  38:../../Drivers/CMSIS/Include/cmsis_gcc.h **** 
  39:../../Drivers/CMSIS/Include/cmsis_gcc.h **** /* CMSIS compiler specific defines */
  40:../../Drivers/CMSIS/Include/cmsis_gcc.h **** #ifndef   __ASM
  41:../../Drivers/CMSIS/Include/cmsis_gcc.h ****   #define __ASM                                  __asm
  42:../../Drivers/CMSIS/Include/cmsis_gcc.h **** #endif
  43:../../Drivers/CMSIS/Include/cmsis_gcc.h **** #ifndef   __INLINE
  44:../../Drivers/CMSIS/Include/cmsis_gcc.h ****   #define __INLINE                               inline
  45:../../Drivers/CMSIS/Include/cmsis_gcc.h **** #endif
  46:../../Drivers/CMSIS/Include/cmsis_gcc.h **** #ifndef   __STATIC_INLINE
  47:../../Drivers/CMSIS/Include/cmsis_gcc.h ****   #define __STATIC_INLINE                        static inline
  48:../../Drivers/CMSIS/Include/cmsis_gcc.h **** #endif
  49:../../Drivers/CMSIS/Include/cmsis_gcc.h **** #ifndef   __STATIC_FORCEINLINE                 
  50:../../Drivers/CMSIS/Include/cmsis_gcc.h ****   #define __STATIC_FORCEINLINE                   __attribute__((always_inline)) static inline
  51:../../Drivers/CMSIS/Include/cmsis_gcc.h **** #endif                                           
  52:../../Drivers/CMSIS/Include/cmsis_gcc.h **** #ifndef   __NO_RETURN
  53:../../Drivers/CMSIS/Include/cmsis_gcc.h ****   #define __NO_RETURN                            __attribute__((__noreturn__))
  54:../../Drivers/CMSIS/Include/cmsis_gcc.h **** #endif
  55:../../Drivers/CMSIS/Include/cmsis_gcc.h **** #ifndef   __USED
  56:../../Drivers/CMSIS/Include/cmsis_gcc.h ****   #define __USED                                 __attribute__((used))
  57:../../Drivers/CMSIS/Include/cmsis_gcc.h **** #endif
  58:../../Drivers/CMSIS/Include/cmsis_gcc.h **** #ifndef   __WEAK
  59:../../Drivers/CMSIS/Include/cmsis_gcc.h ****   #define __WEAK                                 __attribute__((weak))
  60:../../Drivers/CMSIS/Include/cmsis_gcc.h **** #endif
  61:../../Drivers/CMSIS/Include/cmsis_gcc.h **** #ifndef   __PACKED
  62:../../Drivers/CMSIS/Include/cmsis_gcc.h ****   #define __PACKED                               __attribute__((packed, aligned(1)))
  63:../../Drivers/CMSIS/Include/cmsis_gcc.h **** #endif
  64:../../Drivers/CMSIS/Include/cmsis_gcc.h **** #ifndef   __PACKED_STRUCT
  65:../../Drivers/CMSIS/Include/cmsis_gcc.h ****   #define __PACKED_STRUCT                        struct __attribute__((packed, aligned(1)))
  66:../../Drivers/CMSIS/Include/cmsis_gcc.h **** #endif
  67:../../Drivers/CMSIS/Include/cmsis_gcc.h **** #ifndef   __PACKED_UNION
  68:../../Drivers/CMSIS/Include/cmsis_gcc.h ****   #define __PACKED_UNION                         union __attribute__((packed, aligned(1)))
  69:../../Drivers/CMSIS/Include/cmsis_gcc.h **** #endif
  70:../../Drivers/CMSIS/Include/cmsis_gcc.h **** #ifndef   __UNALIGNED_UINT32        /* deprecated */
  71:../../Drivers/CMSIS/Include/cmsis_gcc.h ****   #pragma GCC diagnostic push
  72:../../Drivers/CMSIS/Include/cmsis_gcc.h ****   #pragma GCC diagnostic ignored "-Wpacked"
  73:../../Drivers/CMSIS/Include/cmsis_gcc.h ****   #pragma GCC diagnostic ignored "-Wattributes"
  74:../../Drivers/CMSIS/Include/cmsis_gcc.h ****   struct __attribute__((packed)) T_UINT32 { uint32_t v; };
  75:../../Drivers/CMSIS/Include/cmsis_gcc.h ****   #pragma GCC diagnostic pop
  76:../../Drivers/CMSIS/Include/cmsis_gcc.h ****   #define __UNALIGNED_UINT32(x)                  (((struct T_UINT32 *)(x))->v)
  77:../../Drivers/CMSIS/Include/cmsis_gcc.h **** #endif
  78:../../Drivers/CMSIS/Include/cmsis_gcc.h **** #ifndef   __UNALIGNED_UINT16_WRITE
  79:../../Drivers/CMSIS/Include/cmsis_gcc.h ****   #pragma GCC diagnostic push
  80:../../Drivers/CMSIS/Include/cmsis_gcc.h ****   #pragma GCC diagnostic ignored "-Wpacked"
  81:../../Drivers/CMSIS/Include/cmsis_gcc.h ****   #pragma GCC diagnostic ignored "-Wattributes"
  82:../../Drivers/CMSIS/Include/cmsis_gcc.h ****   __PACKED_STRUCT T_UINT16_WRITE { uint16_t v; };
  83:../../Drivers/CMSIS/Include/cmsis_gcc.h ****   #pragma GCC diagnostic pop
  84:../../Drivers/CMSIS/Include/cmsis_gcc.h ****   #define __UNALIGNED_UINT16_WRITE(addr, val)    (void)((((struct T_UINT16_WRITE *)(void *)(addr))-
  85:../../Drivers/CMSIS/Include/cmsis_gcc.h **** #endif
  86:../../Drivers/CMSIS/Include/cmsis_gcc.h **** #ifndef   __UNALIGNED_UINT16_READ
  87:../../Drivers/CMSIS/Include/cmsis_gcc.h ****   #pragma GCC diagnostic push
  88:../../Drivers/CMSIS/Include/cmsis_gcc.h ****   #pragma GCC diagnostic ignored "-Wpacked"
  89:../../Drivers/CMSIS/Include/cmsis_gcc.h ****   #pragma GCC diagnostic ignored "-Wattributes"
  90:../../Drivers/CMSIS/Include/cmsis_gcc.h ****   __PACKED_STRUCT T_UINT16_READ { uint16_t v; };
ARM GAS  /tmp/cc5ETTo1.s 			page 7


  91:../../Drivers/CMSIS/Include/cmsis_gcc.h ****   #pragma GCC diagnostic pop
  92:../../Drivers/CMSIS/Include/cmsis_gcc.h ****   #define __UNALIGNED_UINT16_READ(addr)          (((const struct T_UINT16_READ *)(const void *)(add
  93:../../Drivers/CMSIS/Include/cmsis_gcc.h **** #endif
  94:../../Drivers/CMSIS/Include/cmsis_gcc.h **** #ifndef   __UNALIGNED_UINT32_WRITE
  95:../../Drivers/CMSIS/Include/cmsis_gcc.h ****   #pragma GCC diagnostic push
  96:../../Drivers/CMSIS/Include/cmsis_gcc.h ****   #pragma GCC diagnostic ignored "-Wpacked"
  97:../../Drivers/CMSIS/Include/cmsis_gcc.h ****   #pragma GCC diagnostic ignored "-Wattributes"
  98:../../Drivers/CMSIS/Include/cmsis_gcc.h ****   __PACKED_STRUCT T_UINT32_WRITE { uint32_t v; };
  99:../../Drivers/CMSIS/Include/cmsis_gcc.h ****   #pragma GCC diagnostic pop
 100:../../Drivers/CMSIS/Include/cmsis_gcc.h ****   #define __UNALIGNED_UINT32_WRITE(addr, val)    (void)((((struct T_UINT32_WRITE *)(void *)(addr))-
 101:../../Drivers/CMSIS/Include/cmsis_gcc.h **** #endif
 102:../../Drivers/CMSIS/Include/cmsis_gcc.h **** #ifndef   __UNALIGNED_UINT32_READ
 103:../../Drivers/CMSIS/Include/cmsis_gcc.h ****   #pragma GCC diagnostic push
 104:../../Drivers/CMSIS/Include/cmsis_gcc.h ****   #pragma GCC diagnostic ignored "-Wpacked"
 105:../../Drivers/CMSIS/Include/cmsis_gcc.h ****   #pragma GCC diagnostic ignored "-Wattributes"
 106:../../Drivers/CMSIS/Include/cmsis_gcc.h ****   __PACKED_STRUCT T_UINT32_READ { uint32_t v; };
 107:../../Drivers/CMSIS/Include/cmsis_gcc.h ****   #pragma GCC diagnostic pop
 108:../../Drivers/CMSIS/Include/cmsis_gcc.h ****   #define __UNALIGNED_UINT32_READ(addr)          (((const struct T_UINT32_READ *)(const void *)(add
 109:../../Drivers/CMSIS/Include/cmsis_gcc.h **** #endif
 110:../../Drivers/CMSIS/Include/cmsis_gcc.h **** #ifndef   __ALIGNED
 111:../../Drivers/CMSIS/Include/cmsis_gcc.h ****   #define __ALIGNED(x)                           __attribute__((aligned(x)))
 112:../../Drivers/CMSIS/Include/cmsis_gcc.h **** #endif
 113:../../Drivers/CMSIS/Include/cmsis_gcc.h **** #ifndef   __RESTRICT
 114:../../Drivers/CMSIS/Include/cmsis_gcc.h ****   #define __RESTRICT                             __restrict
 115:../../Drivers/CMSIS/Include/cmsis_gcc.h **** #endif
 116:../../Drivers/CMSIS/Include/cmsis_gcc.h **** #ifndef   __COMPILER_BARRIER
 117:../../Drivers/CMSIS/Include/cmsis_gcc.h ****   #define __COMPILER_BARRIER()                   __ASM volatile("":::"memory")
 118:../../Drivers/CMSIS/Include/cmsis_gcc.h **** #endif
 119:../../Drivers/CMSIS/Include/cmsis_gcc.h **** 
 120:../../Drivers/CMSIS/Include/cmsis_gcc.h **** /* #########################  Startup and Lowlevel Init  ######################## */
 121:../../Drivers/CMSIS/Include/cmsis_gcc.h **** 
 122:../../Drivers/CMSIS/Include/cmsis_gcc.h **** #ifndef __PROGRAM_START
 123:../../Drivers/CMSIS/Include/cmsis_gcc.h **** 
 124:../../Drivers/CMSIS/Include/cmsis_gcc.h **** /**
 125:../../Drivers/CMSIS/Include/cmsis_gcc.h ****   \brief   Initializes data and bss sections
 126:../../Drivers/CMSIS/Include/cmsis_gcc.h ****   \details This default implementations initialized all data and additional bss
 127:../../Drivers/CMSIS/Include/cmsis_gcc.h ****            sections relying on .copy.table and .zero.table specified properly
 128:../../Drivers/CMSIS/Include/cmsis_gcc.h ****            in the used linker script.
 129:../../Drivers/CMSIS/Include/cmsis_gcc.h ****   
 130:../../Drivers/CMSIS/Include/cmsis_gcc.h ****  */
 131:../../Drivers/CMSIS/Include/cmsis_gcc.h **** __STATIC_FORCEINLINE __NO_RETURN void __cmsis_start(void)
 132:../../Drivers/CMSIS/Include/cmsis_gcc.h **** {
 133:../../Drivers/CMSIS/Include/cmsis_gcc.h ****   extern void _start(void) __NO_RETURN;
 134:../../Drivers/CMSIS/Include/cmsis_gcc.h ****   
 135:../../Drivers/CMSIS/Include/cmsis_gcc.h ****   typedef struct {
 136:../../Drivers/CMSIS/Include/cmsis_gcc.h ****     uint32_t const* src;
 137:../../Drivers/CMSIS/Include/cmsis_gcc.h ****     uint32_t* dest;
 138:../../Drivers/CMSIS/Include/cmsis_gcc.h ****     uint32_t  wlen;
 139:../../Drivers/CMSIS/Include/cmsis_gcc.h ****   } __copy_table_t;
 140:../../Drivers/CMSIS/Include/cmsis_gcc.h ****   
 141:../../Drivers/CMSIS/Include/cmsis_gcc.h ****   typedef struct {
 142:../../Drivers/CMSIS/Include/cmsis_gcc.h ****     uint32_t* dest;
 143:../../Drivers/CMSIS/Include/cmsis_gcc.h ****     uint32_t  wlen;
 144:../../Drivers/CMSIS/Include/cmsis_gcc.h ****   } __zero_table_t;
 145:../../Drivers/CMSIS/Include/cmsis_gcc.h ****   
 146:../../Drivers/CMSIS/Include/cmsis_gcc.h ****   extern const __copy_table_t __copy_table_start__;
 147:../../Drivers/CMSIS/Include/cmsis_gcc.h ****   extern const __copy_table_t __copy_table_end__;
ARM GAS  /tmp/cc5ETTo1.s 			page 8


 148:../../Drivers/CMSIS/Include/cmsis_gcc.h ****   extern const __zero_table_t __zero_table_start__;
 149:../../Drivers/CMSIS/Include/cmsis_gcc.h ****   extern const __zero_table_t __zero_table_end__;
 150:../../Drivers/CMSIS/Include/cmsis_gcc.h **** 
 151:../../Drivers/CMSIS/Include/cmsis_gcc.h ****   for (__copy_table_t const* pTable = &__copy_table_start__; pTable < &__copy_table_end__; ++pTable
 152:../../Drivers/CMSIS/Include/cmsis_gcc.h ****     for(uint32_t i=0u; i<pTable->wlen; ++i) {
 153:../../Drivers/CMSIS/Include/cmsis_gcc.h ****       pTable->dest[i] = pTable->src[i];
 154:../../Drivers/CMSIS/Include/cmsis_gcc.h ****     }
 155:../../Drivers/CMSIS/Include/cmsis_gcc.h ****   }
 156:../../Drivers/CMSIS/Include/cmsis_gcc.h ****  
 157:../../Drivers/CMSIS/Include/cmsis_gcc.h ****   for (__zero_table_t const* pTable = &__zero_table_start__; pTable < &__zero_table_end__; ++pTable
 158:../../Drivers/CMSIS/Include/cmsis_gcc.h ****     for(uint32_t i=0u; i<pTable->wlen; ++i) {
 159:../../Drivers/CMSIS/Include/cmsis_gcc.h ****       pTable->dest[i] = 0u;
 160:../../Drivers/CMSIS/Include/cmsis_gcc.h ****     }
 161:../../Drivers/CMSIS/Include/cmsis_gcc.h ****   }
 162:../../Drivers/CMSIS/Include/cmsis_gcc.h ****  
 163:../../Drivers/CMSIS/Include/cmsis_gcc.h ****   _start();
 164:../../Drivers/CMSIS/Include/cmsis_gcc.h **** }
 165:../../Drivers/CMSIS/Include/cmsis_gcc.h ****   
 166:../../Drivers/CMSIS/Include/cmsis_gcc.h **** #define __PROGRAM_START           __cmsis_start
 167:../../Drivers/CMSIS/Include/cmsis_gcc.h **** #endif
 168:../../Drivers/CMSIS/Include/cmsis_gcc.h **** 
 169:../../Drivers/CMSIS/Include/cmsis_gcc.h **** #ifndef __INITIAL_SP
 170:../../Drivers/CMSIS/Include/cmsis_gcc.h **** #define __INITIAL_SP              __StackTop
 171:../../Drivers/CMSIS/Include/cmsis_gcc.h **** #endif
 172:../../Drivers/CMSIS/Include/cmsis_gcc.h **** 
 173:../../Drivers/CMSIS/Include/cmsis_gcc.h **** #ifndef __STACK_LIMIT
 174:../../Drivers/CMSIS/Include/cmsis_gcc.h **** #define __STACK_LIMIT             __StackLimit
 175:../../Drivers/CMSIS/Include/cmsis_gcc.h **** #endif
 176:../../Drivers/CMSIS/Include/cmsis_gcc.h **** 
 177:../../Drivers/CMSIS/Include/cmsis_gcc.h **** #ifndef __VECTOR_TABLE
 178:../../Drivers/CMSIS/Include/cmsis_gcc.h **** #define __VECTOR_TABLE            __Vectors
 179:../../Drivers/CMSIS/Include/cmsis_gcc.h **** #endif
 180:../../Drivers/CMSIS/Include/cmsis_gcc.h **** 
 181:../../Drivers/CMSIS/Include/cmsis_gcc.h **** #ifndef __VECTOR_TABLE_ATTRIBUTE
 182:../../Drivers/CMSIS/Include/cmsis_gcc.h **** #define __VECTOR_TABLE_ATTRIBUTE  __attribute((used, section(".vectors")))
 183:../../Drivers/CMSIS/Include/cmsis_gcc.h **** #endif
 184:../../Drivers/CMSIS/Include/cmsis_gcc.h **** 
 185:../../Drivers/CMSIS/Include/cmsis_gcc.h **** /* ###########################  Core Function Access  ########################### */
 186:../../Drivers/CMSIS/Include/cmsis_gcc.h **** /** \ingroup  CMSIS_Core_FunctionInterface
 187:../../Drivers/CMSIS/Include/cmsis_gcc.h ****     \defgroup CMSIS_Core_RegAccFunctions CMSIS Core Register Access Functions
 188:../../Drivers/CMSIS/Include/cmsis_gcc.h ****   @{
 189:../../Drivers/CMSIS/Include/cmsis_gcc.h ****  */
 190:../../Drivers/CMSIS/Include/cmsis_gcc.h **** 
 191:../../Drivers/CMSIS/Include/cmsis_gcc.h **** /**
 192:../../Drivers/CMSIS/Include/cmsis_gcc.h ****   \brief   Enable IRQ Interrupts
 193:../../Drivers/CMSIS/Include/cmsis_gcc.h ****   \details Enables IRQ interrupts by clearing the I-bit in the CPSR.
 194:../../Drivers/CMSIS/Include/cmsis_gcc.h ****            Can only be executed in Privileged modes.
 195:../../Drivers/CMSIS/Include/cmsis_gcc.h ****  */
 196:../../Drivers/CMSIS/Include/cmsis_gcc.h **** __STATIC_FORCEINLINE void __enable_irq(void)
 197:../../Drivers/CMSIS/Include/cmsis_gcc.h **** {
 198:../../Drivers/CMSIS/Include/cmsis_gcc.h ****   __ASM volatile ("cpsie i" : : : "memory");
 199:../../Drivers/CMSIS/Include/cmsis_gcc.h **** }
 200:../../Drivers/CMSIS/Include/cmsis_gcc.h **** 
 201:../../Drivers/CMSIS/Include/cmsis_gcc.h **** 
 202:../../Drivers/CMSIS/Include/cmsis_gcc.h **** /**
 203:../../Drivers/CMSIS/Include/cmsis_gcc.h ****   \brief   Disable IRQ Interrupts
 204:../../Drivers/CMSIS/Include/cmsis_gcc.h ****   \details Disables IRQ interrupts by setting the I-bit in the CPSR.
ARM GAS  /tmp/cc5ETTo1.s 			page 9


 205:../../Drivers/CMSIS/Include/cmsis_gcc.h ****            Can only be executed in Privileged modes.
 206:../../Drivers/CMSIS/Include/cmsis_gcc.h ****  */
 207:../../Drivers/CMSIS/Include/cmsis_gcc.h **** __STATIC_FORCEINLINE void __disable_irq(void)
 126              		.loc 2 207 27 view .LVU19
 127              	.LBB6:
 208:../../Drivers/CMSIS/Include/cmsis_gcc.h **** {
 209:../../Drivers/CMSIS/Include/cmsis_gcc.h ****   __ASM volatile ("cpsid i" : : : "memory");
 128              		.loc 2 209 3 view .LVU20
 129              		.syntax unified
 130              	@ 209 "../../Drivers/CMSIS/Include/cmsis_gcc.h" 1
 131 0000 72B6     		cpsid i
 132              	@ 0 "" 2
 133              		.thumb
 134              		.syntax unified
 135              	.L10:
 136              	.LBE6:
 137              	.LBE5:
 129:../../CM4/Core/Src/main.c ****   while (1)
 138              		.loc 1 129 3 discriminator 1 view .LVU21
 130:../../CM4/Core/Src/main.c ****   {
 131:../../CM4/Core/Src/main.c ****   }
 139              		.loc 1 131 3 discriminator 1 view .LVU22
 129:../../CM4/Core/Src/main.c ****   while (1)
 140              		.loc 1 129 9 discriminator 1 view .LVU23
 141 0002 FEE7     		b	.L10
 142              		.cfi_endproc
 143              	.LFE133:
 145              		.text
 146              	.Letext0:
 147              		.file 3 "/home/im/Programs/gcc-arm-none-eabi/gcc-arm-none-eabi-9-2020-q2-update/arm-none-eabi/incl
 148              		.file 4 "/home/im/Programs/gcc-arm-none-eabi/gcc-arm-none-eabi-9-2020-q2-update/arm-none-eabi/incl
 149              		.file 5 "../../Drivers/CMSIS/Include/core_cm4.h"
 150              		.file 6 "../../Drivers/CMSIS/Device/ST/STM32H7xx/Include/system_stm32h7xx.h"
 151              		.file 7 "../../Drivers/CMSIS/Device/ST/STM32H7xx/Include/stm32h747xx.h"
 152              		.file 8 "/home/im/Programs/gcc-arm-none-eabi/gcc-arm-none-eabi-9-2020-q2-update/lib/gcc/arm-none-e
 153              		.file 9 "/home/im/Programs/gcc-arm-none-eabi/gcc-arm-none-eabi-9-2020-q2-update/arm-none-eabi/incl
 154              		.file 10 "/home/im/Programs/gcc-arm-none-eabi/gcc-arm-none-eabi-9-2020-q2-update/arm-none-eabi/inc
 155              		.file 11 "/home/im/Programs/gcc-arm-none-eabi/gcc-arm-none-eabi-9-2020-q2-update/arm-none-eabi/inc
 156              		.file 12 "/home/im/Programs/gcc-arm-none-eabi/gcc-arm-none-eabi-9-2020-q2-update/arm-none-eabi/inc
 157              		.file 13 "../../Drivers/STM32H7xx_HAL_Driver/Inc/stm32h7xx_hal_def.h"
 158              		.file 14 "../../Drivers/STM32H7xx_HAL_Driver/Inc/stm32h7xx_hal_flash.h"
 159              		.file 15 "../../Drivers/STM32H7xx_HAL_Driver/Inc/stm32h7xx_hal.h"
 160              		.file 16 "../../Drivers/STM32H7xx_HAL_Driver/Inc/stm32h7xx_hal_hsem.h"
 161              		.file 17 "../../Drivers/STM32H7xx_HAL_Driver/Inc/stm32h7xx_hal_pwr_ex.h"
ARM GAS  /tmp/cc5ETTo1.s 			page 10


DEFINED SYMBOLS
                            *ABS*:0000000000000000 main.c
     /tmp/cc5ETTo1.s:18     .text.main:0000000000000000 $t
     /tmp/cc5ETTo1.s:26     .text.main:0000000000000000 main
     /tmp/cc5ETTo1.s:100    .text.main:0000000000000064 $d
     /tmp/cc5ETTo1.s:107    .text.Error_Handler:0000000000000000 $t
     /tmp/cc5ETTo1.s:114    .text.Error_Handler:0000000000000000 Error_Handler

UNDEFINED SYMBOLS
HAL_HSEM_ActivateNotification
HAL_PWREx_ClearPendingEvent
HAL_PWREx_EnterSTOPMode
HAL_Init
